<?xml version="1.0" encoding="UTF-8"?>
<coverage generated="1530149220841" clover="3.2.0">
  <project timestamp="1530149220842" name="All files">
    <metrics statements="5" coveredstatements="0" conditionals="6" coveredconditionals="0" methods="2" coveredmethods="0" elements="13" coveredelements="0" complexity="0" loc="5" ncloc="5" packages="1" files="2" classes="2">
      <file name="clamp.js" path="/Users/jmeas/webdev/timeline-utils/src/clamp.js">
        <metrics statements="1" coveredstatements="0" conditionals="0" coveredconditionals="0" methods="1" coveredmethods="0"/>
        <line num="2" count="0" type="stmt"/>
      </file>
      <file name="linear-scale.js" path="/Users/jmeas/webdev/timeline-utils/src/linear-scale.js">
        <metrics statements="4" coveredstatements="0" conditionals="6" coveredconditionals="0" methods="1" coveredmethods="0"/>
        <line num="11" count="0" type="cond" truecount="0" falsecount="2"/>
        <line num="12" count="0" type="stmt"/>
        <line num="15" count="0" type="stmt"/>
        <line num="17" count="0" type="stmt"/>
      </file>
    </metrics>
  </project>
</coverage>
