<?xml version="1.0" encoding="UTF-8"?>
<coverage generated="1530162207151" clover="3.2.0">
  <project timestamp="1530162207151" name="All files">
    <metrics statements="30" coveredstatements="21" conditionals="15" coveredconditionals="4" methods="9" coveredmethods="7" elements="54" coveredelements="32" complexity="0" loc="30" ncloc="30" packages="1" files="6" classes="6">
      <file name="clamp.js" path="/Users/jmeas/webdev/timeline-utils/src/clamp.js">
        <metrics statements="1" coveredstatements="1" conditionals="0" coveredconditionals="0" methods="1" coveredmethods="1"/>
        <line num="2" count="24" type="stmt"/>
      </file>
      <file name="conversions.js" path="/Users/jmeas/webdev/timeline-utils/src/conversions.js">
        <metrics statements="10" coveredstatements="2" conditionals="2" coveredconditionals="0" methods="3" coveredmethods="1"/>
        <line num="7" count="22" type="stmt"/>
        <line num="9" count="22" type="stmt"/>
        <line num="13" count="0" type="stmt"/>
        <line num="14" count="0" type="stmt"/>
        <line num="18" count="0" type="stmt"/>
        <line num="24" count="0" type="stmt"/>
        <line num="25" count="0" type="stmt"/>
        <line num="30" count="0" type="stmt"/>
        <line num="32" count="0" type="stmt"/>
        <line num="34" count="0" type="stmt"/>
      </file>
      <file name="default-min-frame-pixel-width.js" path="/Users/jmeas/webdev/timeline-utils/src/default-min-frame-pixel-width.js">
        <metrics statements="0" coveredstatements="0" conditionals="0" coveredconditionals="0" methods="0" coveredmethods="0"/>
      </file>
      <file name="linear-scale.js" path="/Users/jmeas/webdev/timeline-utils/src/linear-scale.js">
        <metrics statements="4" coveredstatements="3" conditionals="6" coveredconditionals="1" methods="1" coveredmethods="1"/>
        <line num="11" count="21" type="cond" truecount="1" falsecount="1"/>
        <line num="12" count="0" type="stmt"/>
        <line num="15" count="21" type="stmt"/>
        <line num="17" count="21" type="stmt"/>
      </file>
      <file name="scroll-and-zoom.js" path="/Users/jmeas/webdev/timeline-utils/src/scroll-and-zoom.js">
        <metrics statements="8" coveredstatements="8" conditionals="3" coveredconditionals="0" methods="2" coveredmethods="2"/>
        <line num="7" count="20" type="cond" truecount="0" falsecount="1"/>
        <line num="9" count="20" type="stmt"/>
        <line num="13" count="20" type="stmt"/>
        <line num="17" count="16" type="stmt"/>
        <line num="21" count="16" type="stmt"/>
        <line num="25" count="16" type="stmt"/>
        <line num="32" count="16" type="stmt"/>
        <line num="37" count="16" type="stmt"/>
      </file>
      <file name="timeline.js" path="/Users/jmeas/webdev/timeline-utils/src/timeline.js">
        <metrics statements="7" coveredstatements="7" conditionals="4" coveredconditionals="3" methods="2" coveredmethods="2"/>
        <line num="10" count="10" type="stmt"/>
        <line num="11" count="10" type="stmt"/>
        <line num="13" count="10" type="stmt"/>
        <line num="15" count="10" type="cond" truecount="2" falsecount="0"/>
        <line num="34" count="2" type="stmt"/>
        <line num="40" count="2" type="stmt"/>
        <line num="42" count="2" type="stmt"/>
      </file>
    </metrics>
  </project>
</coverage>
