{"/Users/jmeas/webdev/timeline-utils/src/clamp.js": {"path":"/Users/jmeas/webdev/timeline-utils/src/clamp.js","statementMap":{"0":{"start":{"line":2,"column":2},"end":{"line":2,"column":43}}},"fnMap":{"0":{"name":"clamp","decl":{"start":{"line":1,"column":24},"end":{"line":1,"column":29}},"loc":{"start":{"line":1,"column":45},"end":{"line":3,"column":1}},"line":1}},"branchMap":{},"s":{"0":24},"f":{"0":24},"b":{},"_coverageSchema":"332fd63041d2c1bcb487cc26dd0d5f7d97098a6c","hash":"61ebdf9d780101d61d1a219d497963709686a1de"}
,"/Users/jmeas/webdev/timeline-utils/src/conversions.js": {"path":"/Users/jmeas/webdev/timeline-utils/src/conversions.js","statementMap":{"0":{"start":{"line":7,"column":45},"end":{"line":7,"column":59}},"1":{"start":{"line":9,"column":2},"end":{"line":9,"column":41}},"2":{"start":{"line":13,"column":24},"end":{"line":13,"column":65}},"3":{"start":{"line":14,"column":29},"end":{"line":16,"column":4}},"4":{"start":{"line":18,"column":2},"end":{"line":18,"column":44}},"5":{"start":{"line":24,"column":26},"end":{"line":24,"column":69}},"6":{"start":{"line":25,"column":28},"end":{"line":28,"column":4}},"7":{"start":{"line":30,"column":21},"end":{"line":30,"column":55}},"8":{"start":{"line":32,"column":26},"end":{"line":32,"column":54}},"9":{"start":{"line":34,"column":2},"end":{"line":34,"column":37}}},"fnMap":{"0":{"name":"getFramePixelWidthAtMinZoom","decl":{"start":{"line":6,"column":16},"end":{"line":6,"column":43}},"loc":{"start":{"line":6,"column":69},"end":{"line":10,"column":1}},"line":6},"1":{"name":"getFramePixelWidth","decl":{"start":{"line":12,"column":16},"end":{"line":12,"column":34}},"loc":{"start":{"line":12,"column":65},"end":{"line":19,"column":1}},"line":12},"2":{"name":"nearestFrameToPixel","decl":{"start":{"line":23,"column":16},"end":{"line":23,"column":35}},"loc":{"start":{"line":23,"column":68},"end":{"line":35,"column":1}},"line":23}},"branchMap":{"0":{"loc":{"start":{"line":6,"column":44},"end":{"line":6,"column":67}},"type":"default-arg","locations":[{"start":{"line":6,"column":65},"end":{"line":6,"column":67}}],"line":6},"1":{"loc":{"start":{"line":12,"column":35},"end":{"line":12,"column":63}},"type":"default-arg","locations":[{"start":{"line":12,"column":61},"end":{"line":12,"column":63}}],"line":12}},"s":{"0":22,"1":22,"2":0,"3":0,"4":0,"5":0,"6":0,"7":0,"8":0,"9":0},"f":{"0":22,"1":0,"2":0},"b":{"0":[0],"1":[0]},"_coverageSchema":"332fd63041d2c1bcb487cc26dd0d5f7d97098a6c","hash":"d1f299d9170fd826f1d3a2ce8453adfdb60a4770"}
,"/Users/jmeas/webdev/timeline-utils/src/default-min-frame-pixel-width.js": {"path":"/Users/jmeas/webdev/timeline-utils/src/default-min-frame-pixel-width.js","statementMap":{},"fnMap":{},"branchMap":{},"s":{},"f":{},"b":{},"_coverageSchema":"332fd63041d2c1bcb487cc26dd0d5f7d97098a6c","hash":"9480ecbff6a370cf52d11068c5ac51c9ac86cc97"}
,"/Users/jmeas/webdev/timeline-utils/src/linear-scale.js": {"path":"/Users/jmeas/webdev/timeline-utils/src/linear-scale.js","statementMap":{"0":{"start":{"line":11,"column":2},"end":{"line":13,"column":3}},"1":{"start":{"line":12,"column":4},"end":{"line":12,"column":21}},"2":{"start":{"line":15,"column":16},"end":{"line":15,"column":63}},"3":{"start":{"line":17,"column":2},"end":{"line":17,"column":48}}},"fnMap":{"0":{"name":"linearScale","decl":{"start":{"line":6,"column":24},"end":{"line":6,"column":35}},"loc":{"start":{"line":10,"column":8},"end":{"line":18,"column":1}},"line":10}},"branchMap":{"0":{"loc":{"start":{"line":6,"column":36},"end":{"line":10,"column":6}},"type":"default-arg","locations":[{"start":{"line":10,"column":4},"end":{"line":10,"column":6}}],"line":6},"1":{"loc":{"start":{"line":7,"column":2},"end":{"line":7,"column":17}},"type":"default-arg","locations":[{"start":{"line":7,"column":11},"end":{"line":7,"column":17}}],"line":7},"2":{"loc":{"start":{"line":8,"column":2},"end":{"line":8,"column":16}},"type":"default-arg","locations":[{"start":{"line":8,"column":10},"end":{"line":8,"column":16}}],"line":8},"3":{"loc":{"start":{"line":9,"column":2},"end":{"line":9,"column":11}},"type":"default-arg","locations":[{"start":{"line":9,"column":10},"end":{"line":9,"column":11}}],"line":9},"4":{"loc":{"start":{"line":11,"column":2},"end":{"line":13,"column":3}},"type":"if","locations":[{"start":{"line":11,"column":2},"end":{"line":13,"column":3}},{"start":{"line":11,"column":2},"end":{"line":13,"column":3}}],"line":11}},"s":{"0":21,"1":0,"2":21,"3":21},"f":{"0":21},"b":{"0":[0],"1":[0],"2":[0],"3":[0],"4":[0,21]},"_coverageSchema":"332fd63041d2c1bcb487cc26dd0d5f7d97098a6c","hash":"f7687c567f79e5c106fd46a79642cb5a5184d668"}
,"/Users/jmeas/webdev/timeline-utils/src/scroll-and-zoom.js": {"path":"/Users/jmeas/webdev/timeline-utils/src/scroll-and-zoom.js","statementMap":{"0":{"start":{"line":7,"column":61},"end":{"line":7,"column":75}},"1":{"start":{"line":9,"column":29},"end":{"line":11,"column":4}},"2":{"start":{"line":13,"column":2},"end":{"line":13,"column":49}},"3":{"start":{"line":17,"column":23},"end":{"line":17,"column":62}},"4":{"start":{"line":21,"column":30},"end":{"line":21,"column":46}},"5":{"start":{"line":25,"column":31},"end":{"line":29,"column":4}},"6":{"start":{"line":32,"column":24},"end":{"line":32,"column":48}},"7":{"start":{"line":37,"column":2},"end":{"line":37,"column":47}}},"fnMap":{"0":{"name":"getMaxZoomMagnitude","decl":{"start":{"line":6,"column":16},"end":{"line":6,"column":35}},"loc":{"start":{"line":6,"column":61},"end":{"line":14,"column":1}},"line":6},"1":{"name":"getZoomMagnitude","decl":{"start":{"line":16,"column":16},"end":{"line":16,"column":32}},"loc":{"start":{"line":16,"column":74},"end":{"line":38,"column":1}},"line":16}},"branchMap":{"0":{"loc":{"start":{"line":6,"column":36},"end":{"line":6,"column":59}},"type":"default-arg","locations":[{"start":{"line":6,"column":57},"end":{"line":6,"column":59}}],"line":6},"1":{"loc":{"start":{"line":7,"column":10},"end":{"line":7,"column":56}},"type":"default-arg","locations":[{"start":{"line":7,"column":31},"end":{"line":7,"column":56}}],"line":7},"2":{"loc":{"start":{"line":16,"column":33},"end":{"line":16,"column":72}},"type":"default-arg","locations":[{"start":{"line":16,"column":70},"end":{"line":16,"column":72}}],"line":16}},"s":{"0":20,"1":20,"2":20,"3":16,"4":16,"5":16,"6":16,"7":16},"f":{"0":20,"1":16},"b":{"0":[0],"1":[0],"2":[0]},"_coverageSchema":"332fd63041d2c1bcb487cc26dd0d5f7d97098a6c","hash":"b4513b93b050da27ce562e0c1e0ce80fe297d32e"}
,"/Users/jmeas/webdev/timeline-utils/src/timeline.js": {"path":"/Users/jmeas/webdev/timeline-utils/src/timeline.js","statementMap":{"0":{"start":{"line":10,"column":28},"end":{"line":10,"column":42}},"1":{"start":{"line":11,"column":24},"end":{"line":11,"column":76}},"2":{"start":{"line":13,"column":26},"end":{"line":13,"column":55}},"3":{"start":{"line":15,"column":2},"end":{"line":15,"column":67}},"4":{"start":{"line":34,"column":34},"end":{"line":38,"column":4}},"5":{"start":{"line":40,"column":32},"end":{"line":40,"column":66}},"6":{"start":{"line":42,"column":2},"end":{"line":42,"column":57}}},"fnMap":{"0":{"name":"getTimelineWidth","decl":{"start":{"line":5,"column":16},"end":{"line":5,"column":32}},"loc":{"start":{"line":9,"column":8},"end":{"line":16,"column":1}},"line":9},"1":{"name":"getTimelineDeadSpaceInPixels","decl":{"start":{"line":30,"column":16},"end":{"line":30,"column":44}},"loc":{"start":{"line":33,"column":3},"end":{"line":43,"column":1}},"line":33}},"branchMap":{"0":{"loc":{"start":{"line":5,"column":33},"end":{"line":9,"column":6}},"type":"default-arg","locations":[{"start":{"line":9,"column":4},"end":{"line":9,"column":6}}],"line":5},"1":{"loc":{"start":{"line":8,"column":2},"end":{"line":8,"column":20}},"type":"default-arg","locations":[{"start":{"line":8,"column":15},"end":{"line":8,"column":20}}],"line":8},"2":{"loc":{"start":{"line":15,"column":9},"end":{"line":15,"column":66}},"type":"cond-expr","locations":[{"start":{"line":15,"column":22},"end":{"line":15,"column":37}},{"start":{"line":15,"column":40},"end":{"line":15,"column":66}}],"line":15}},"s":{"0":10,"1":10,"2":10,"3":10,"4":2,"5":2,"6":2},"f":{"0":10,"1":2},"b":{"0":[0],"1":[6],"2":[4,6]},"_coverageSchema":"332fd63041d2c1bcb487cc26dd0d5f7d97098a6c","hash":"dff553c1c81979ab4d2f62730de0962dfebd7800"}
}
