TN:
SF:/Users/jmeas/webdev/timeline-utils/src/clamp.js
FN:1,clamp
FNF:1
FNH:1
FNDA:24,clamp
DA:2,24
LF:1
LH:1
BRF:0
BRH:0
end_of_record
TN:
SF:/Users/jmeas/webdev/timeline-utils/src/conversions.js
FN:6,getFramePixelWidthAtMinZoom
FN:12,getFramePixelWidth
FN:23,nearestFrameToPixel
FNF:3
FNH:1
FNDA:22,getFramePixelWidthAtMinZoom
FNDA:0,getFramePixelWidth
FNDA:0,nearestFrameToPixel
DA:7,22
DA:9,22
DA:13,0
DA:14,0
DA:18,0
DA:24,0
DA:25,0
DA:30,0
DA:32,0
DA:34,0
LF:10
LH:2
BRDA:6,0,0,0
BRDA:12,1,0,0
BRF:2
BRH:0
end_of_record
TN:
SF:/Users/jmeas/webdev/timeline-utils/src/default-min-frame-pixel-width.js
FNF:0
FNH:0
LF:0
LH:0
BRF:0
BRH:0
end_of_record
TN:
SF:/Users/jmeas/webdev/timeline-utils/src/linear-scale.js
FN:6,linearScale
FNF:1
FNH:1
FNDA:21,linearScale
DA:11,21
DA:12,0
DA:15,21
DA:17,21
LF:4
LH:3
BRDA:6,0,0,0
BRDA:7,1,0,0
BRDA:8,2,0,0
BRDA:9,3,0,0
BRDA:11,4,0,0
BRDA:11,4,1,21
BRF:6
BRH:1
end_of_record
TN:
SF:/Users/jmeas/webdev/timeline-utils/src/scroll-and-zoom.js
FN:6,getMaxZoomMagnitude
FN:16,getZoomMagnitude
FNF:2
FNH:2
FNDA:20,getMaxZoomMagnitude
FNDA:16,getZoomMagnitude
DA:7,20
DA:9,20
DA:13,20
DA:17,16
DA:21,16
DA:25,16
DA:32,16
DA:37,16
LF:8
LH:8
BRDA:6,0,0,0
BRDA:7,1,0,0
BRDA:16,2,0,0
BRF:3
BRH:0
end_of_record
TN:
SF:/Users/jmeas/webdev/timeline-utils/src/timeline.js
FN:5,getTimelineWidth
FN:30,getTimelineDeadSpaceInPixels
FNF:2
FNH:2
FNDA:10,getTimelineWidth
FNDA:2,getTimelineDeadSpaceInPixels
DA:10,10
DA:11,10
DA:13,10
DA:15,10
DA:34,2
DA:40,2
DA:42,2
LF:7
LH:7
BRDA:5,0,0,0
BRDA:8,1,0,6
BRDA:15,2,0,4
BRDA:15,2,1,6
BRF:4
BRH:3
end_of_record
